<?xml version="1.0" encoding="UTF-8"?>
<testsuite name="com.efub.seminar.springboot.web.UserControllerTest" tests="3" skipped="0" failures="0" errors="0" timestamp="2021-05-28T13:41:33" hostname="DESKTOP-HQS1ETQ" time="0.435">
  <properties/>
  <testcase name="사용자없음_예외처리한다()" classname="com.efub.seminar.springboot.web.UserControllerTest" time="0.202"/>
  <testcase name="사용자를_가져온다()" classname="com.efub.seminar.springboot.web.UserControllerTest" time="0.149"/>
  <testcase name="사용자를_생성한다()" classname="com.efub.seminar.springboot.web.UserControllerTest" time="0.078"/>
  <system-out><![CDATA[22:41:27.226 [Test worker] DEBUG org.springframework.test.context.BootstrapUtils - Instantiating CacheAwareContextLoaderDelegate from class [org.springframework.test.context.cache.DefaultCacheAwareContextLoaderDelegate]
22:41:27.275 [Test worker] DEBUG org.springframework.test.context.BootstrapUtils - Instantiating BootstrapContext using constructor [public org.springframework.test.context.support.DefaultBootstrapContext(java.lang.Class,org.springframework.test.context.CacheAwareContextLoaderDelegate)]
22:41:27.345 [Test worker] DEBUG org.springframework.test.context.BootstrapUtils - Instantiating TestContextBootstrapper for test class [com.efub.seminar.springboot.web.UserControllerTest] from class [org.springframework.boot.test.autoconfigure.web.servlet.WebMvcTestContextBootstrapper]
22:41:27.365 [Test worker] INFO org.springframework.boot.test.autoconfigure.web.servlet.WebMvcTestContextBootstrapper - Neither @ContextConfiguration nor @ContextHierarchy found for test class [com.efub.seminar.springboot.web.UserControllerTest], using SpringBootContextLoader
22:41:27.374 [Test worker] DEBUG org.springframework.test.context.support.AbstractContextLoader - Did not detect default resource location for test class [com.efub.seminar.springboot.web.UserControllerTest]: class path resource [com/efub/seminar/springboot/web/UserControllerTest-context.xml] does not exist
22:41:27.376 [Test worker] DEBUG org.springframework.test.context.support.AbstractContextLoader - Did not detect default resource location for test class [com.efub.seminar.springboot.web.UserControllerTest]: class path resource [com/efub/seminar/springboot/web/UserControllerTestContext.groovy] does not exist
22:41:27.377 [Test worker] INFO org.springframework.test.context.support.AbstractContextLoader - Could not detect default resource locations for test class [com.efub.seminar.springboot.web.UserControllerTest]: no resource found for suffixes {-context.xml, Context.groovy}.
22:41:27.379 [Test worker] INFO org.springframework.test.context.support.AnnotationConfigContextLoaderUtils - Could not detect default configuration classes for test class [com.efub.seminar.springboot.web.UserControllerTest]: UserControllerTest does not declare any static, non-private, non-final, nested classes annotated with @Configuration.
22:41:27.518 [Test worker] DEBUG org.springframework.test.context.support.ActiveProfilesUtils - Could not find an 'annotation declaring class' for annotation type [org.springframework.test.context.ActiveProfiles] and class [com.efub.seminar.springboot.web.UserControllerTest]
22:41:27.757 [Test worker] DEBUG org.springframework.context.annotation.ClassPathScanningCandidateComponentProvider - Identified candidate component class: file [C:\Users\mook1\OneDrive\문서\GitHub\EFUB\EFUB_Back\Week8\test-practice\build\classes\java\main\com\efub\seminar\springboot\Application.class]
22:41:27.767 [Test worker] INFO org.springframework.boot.test.context.SpringBootTestContextBootstrapper - Found @SpringBootConfiguration com.efub.seminar.springboot.Application for test class com.efub.seminar.springboot.web.UserControllerTest
22:41:27.808 [Test worker] DEBUG org.springframework.boot.test.autoconfigure.web.servlet.WebMvcTestContextBootstrapper - @TestExecutionListeners is not present for class [com.efub.seminar.springboot.web.UserControllerTest]: using defaults.
22:41:27.877 [Test worker] INFO org.springframework.boot.test.autoconfigure.web.servlet.WebMvcTestContextBootstrapper - Loaded default TestExecutionListener class names from location [META-INF/spring.factories]: [org.springframework.boot.test.autoconfigure.restdocs.RestDocsTestExecutionListener, org.springframework.boot.test.autoconfigure.web.client.MockRestServiceServerResetTestExecutionListener, org.springframework.boot.test.autoconfigure.web.servlet.MockMvcPrintOnlyOnFailureTestExecutionListener, org.springframework.boot.test.autoconfigure.web.servlet.WebDriverTestExecutionListener, org.springframework.boot.test.autoconfigure.webservices.client.MockWebServiceServerTestExecutionListener, org.springframework.boot.test.mock.mockito.MockitoTestExecutionListener, org.springframework.boot.test.mock.mockito.ResetMocksTestExecutionListener, org.springframework.test.context.web.ServletTestExecutionListener, org.springframework.test.context.support.DirtiesContextBeforeModesTestExecutionListener, org.springframework.test.context.event.ApplicationEventsTestExecutionListener, org.springframework.test.context.support.DependencyInjectionTestExecutionListener, org.springframework.test.context.support.DirtiesContextTestExecutionListener, org.springframework.test.context.transaction.TransactionalTestExecutionListener, org.springframework.test.context.jdbc.SqlScriptsTestExecutionListener, org.springframework.test.context.event.EventPublishingTestExecutionListener]
22:41:27.989 [Test worker] INFO org.springframework.boot.test.autoconfigure.web.servlet.WebMvcTestContextBootstrapper - Using TestExecutionListeners: [org.springframework.test.context.web.ServletTestExecutionListener@4378ddc4, org.springframework.test.context.support.DirtiesContextBeforeModesTestExecutionListener@709f388b, org.springframework.test.context.event.ApplicationEventsTestExecutionListener@639bc057, org.springframework.boot.test.mock.mockito.MockitoTestExecutionListener@4e496158, org.springframework.boot.test.autoconfigure.SpringBootDependencyInjectionTestExecutionListener@4b5a03a8, org.springframework.test.context.support.DirtiesContextTestExecutionListener@42882128, org.springframework.test.context.transaction.TransactionalTestExecutionListener@7f2cc856, org.springframework.test.context.jdbc.SqlScriptsTestExecutionListener@7a6a254a, org.springframework.test.context.event.EventPublishingTestExecutionListener@61362eec, org.springframework.boot.test.autoconfigure.restdocs.RestDocsTestExecutionListener@62b4c283, org.springframework.boot.test.autoconfigure.web.client.MockRestServiceServerResetTestExecutionListener@7bc3d8fb, org.springframework.boot.test.autoconfigure.web.servlet.MockMvcPrintOnlyOnFailureTestExecutionListener@50a8e2bc, org.springframework.boot.test.autoconfigure.web.servlet.WebDriverTestExecutionListener@39e70b, org.springframework.boot.test.autoconfigure.webservices.client.MockWebServiceServerTestExecutionListener@445d8d55, org.springframework.boot.test.mock.mockito.ResetMocksTestExecutionListener@213c8125]
22:41:28.003 [Test worker] DEBUG org.springframework.test.context.support.AbstractDirtiesContextTestExecutionListener - Before test class: context [DefaultTestContext@4b6180a9 testClass = UserControllerTest, testInstance = [null], testMethod = [null], testException = [null], mergedContextConfiguration = [WebMergedContextConfiguration@7e0ec076 testClass = UserControllerTest, locations = '{}', classes = '{class com.efub.seminar.springboot.Application}', contextInitializerClasses = '[]', activeProfiles = '{}', propertySourceLocations = '{}', propertySourceProperties = '{org.springframework.boot.test.autoconfigure.web.servlet.WebMvcTestContextBootstrapper=true}', contextCustomizers = set[org.springframework.boot.test.autoconfigure.OverrideAutoConfigurationContextCustomizerFactory$DisableAutoConfigurationContextCustomizer@3964508d, org.springframework.boot.test.autoconfigure.actuate.metrics.MetricsExportContextCustomizerFactory$DisableMetricExportContextCustomizer@66ca3279, org.springframework.boot.test.autoconfigure.filter.TypeExcludeFiltersContextCustomizer@72b4f84e, org.springframework.boot.test.autoconfigure.properties.PropertyMappingContextCustomizer@34445717, org.springframework.boot.test.autoconfigure.web.servlet.WebDriverContextCustomizerFactory$Customizer@3d041103, [ImportsContextCustomizer@f33a728 key = [org.springframework.boot.autoconfigure.cache.CacheAutoConfiguration, org.springframework.boot.autoconfigure.context.MessageSourceAutoConfiguration, org.springframework.boot.autoconfigure.data.web.SpringDataWebAutoConfiguration, org.springframework.boot.autoconfigure.freemarker.FreeMarkerAutoConfiguration, org.springframework.boot.autoconfigure.groovy.template.GroovyTemplateAutoConfiguration, org.springframework.boot.autoconfigure.gson.GsonAutoConfiguration, org.springframework.boot.autoconfigure.hateoas.HypermediaAutoConfiguration, org.springframework.boot.autoconfigure.http.HttpMessageConvertersAutoConfiguration, org.springframework.boot.autoconfigure.jackson.JacksonAutoConfiguration, org.springframework.boot.autoconfigure.jsonb.JsonbAutoConfiguration, org.springframework.boot.autoconfigure.mustache.MustacheAutoConfiguration, org.springframework.boot.autoconfigure.task.TaskExecutionAutoConfiguration, org.springframework.boot.autoconfigure.thymeleaf.ThymeleafAutoConfiguration, org.springframework.boot.autoconfigure.validation.ValidationAutoConfiguration, org.springframework.boot.autoconfigure.web.servlet.error.ErrorMvcAutoConfiguration, org.springframework.boot.autoconfigure.web.servlet.HttpEncodingAutoConfiguration, org.springframework.boot.autoconfigure.web.servlet.WebMvcAutoConfiguration, org.springframework.boot.test.autoconfigure.web.servlet.MockMvcAutoConfiguration, org.springframework.boot.test.autoconfigure.web.servlet.MockMvcWebClientAutoConfiguration, org.springframework.boot.test.autoconfigure.web.servlet.MockMvcWebDriverAutoConfiguration, org.springframework.boot.autoconfigure.security.oauth2.client.servlet.OAuth2ClientAutoConfiguration, org.springframework.boot.autoconfigure.security.oauth2.resource.servlet.OAuth2ResourceServerAutoConfiguration, org.springframework.boot.autoconfigure.security.servlet.SecurityAutoConfiguration, org.springframework.boot.autoconfigure.security.servlet.SecurityFilterAutoConfiguration, org.springframework.boot.autoconfigure.security.servlet.UserDetailsServiceAutoConfiguration, org.springframework.boot.test.autoconfigure.web.servlet.MockMvcSecurityConfiguration]], org.springframework.boot.test.context.filter.ExcludeFilterContextCustomizer@614fffb5, org.springframework.boot.test.json.DuplicateJsonObjectContextCustomizerFactory$DuplicateJsonObjectContextCustomizer@2baed175, org.springframework.boot.test.mock.mockito.MockitoContextCustomizer@aeab5949, org.springframework.boot.test.context.SpringBootTestArgs@1, org.springframework.boot.test.context.SpringBootTestWebEnvironment@0], resourceBasePath = 'src/main/webapp', contextLoader = 'org.springframework.boot.test.context.SpringBootContextLoader', parent = [null]], attributes = map[[empty]]], class annotated with @DirtiesContext [false] with mode [null].
22:41:28.127 [Test worker] DEBUG org.springframework.test.context.support.TestPropertySourceUtils - Adding inlined properties to environment: {spring.jmx.enabled=false, org.springframework.boot.test.autoconfigure.web.servlet.WebMvcTestContextBootstrapper=true}

  .   ____          _            __ _ _
 /\\ / ___'_ __ _ _(_)_ __  __ _ \ \ \ \
( ( )\___ | '_ | '_| | '_ \/ _` | \ \ \ \
 \\/  ___)| |_)| | | | | || (_| |  ) ) ) )
  '  |____| .__|_| |_|_| |_\__, | / / / /
 =========|_|==============|___/=/_/_/_/
 :: Spring Boot ::                (v2.4.4)

2021-05-28 22:41:28.999  INFO 24628 --- [    Test worker] c.e.s.springboot.web.UserControllerTest  : Starting UserControllerTest using Java 14.0.2 on DESKTOP-HQS1ETQ with PID 24628 (started by nitronium in C:\Users\mook1\OneDrive\문서\GitHub\EFUB\EFUB_Back\Week8\test-practice)
2021-05-28 22:41:29.004  INFO 24628 --- [    Test worker] c.e.s.springboot.web.UserControllerTest  : No active profile set, falling back to default profiles: default
2021-05-28 22:41:32.362  INFO 24628 --- [    Test worker] o.s.s.concurrent.ThreadPoolTaskExecutor  : Initializing ExecutorService 'applicationTaskExecutor'
2021-05-28 22:41:32.970  INFO 24628 --- [    Test worker] o.s.b.t.m.w.SpringBootMockServletContext : Initializing Spring TestDispatcherServlet ''
2021-05-28 22:41:32.970  INFO 24628 --- [    Test worker] o.s.t.web.servlet.TestDispatcherServlet  : Initializing Servlet ''
2021-05-28 22:41:32.973  INFO 24628 --- [    Test worker] o.s.t.web.servlet.TestDispatcherServlet  : Completed initialization in 3 ms
2021-05-28 22:41:33.052  INFO 24628 --- [    Test worker] c.e.s.springboot.web.UserControllerTest  : Started UserControllerTest in 4.906 seconds (JVM running for 7.39)
]]></system-out>
  <system-err><![CDATA[]]></system-err>
</testsuite>
